[15:17:51] [main/INFO]: Environment: authHost='https://authserver.mojang.com', accountsHost='https://api.mojang.com', sessionHost='https://sessionserver.mojang.com', name='PROD'
[15:17:52] [main/WARN]: Ambiguity between arguments [teleport, destination] and [teleport, targets] with inputs: [Player, 0123, @e, dd12be42-52a9-4a91-a8a1-11c01849e498]
[15:17:52] [main/WARN]: Ambiguity between arguments [teleport, location] and [teleport, destination] with inputs: [0.1 -0.5 .9, 0 0 0]
[15:17:52] [main/WARN]: Ambiguity between arguments [teleport, location] and [teleport, targets] with inputs: [0.1 -0.5 .9, 0 0 0]
[15:17:52] [main/WARN]: Ambiguity between arguments [teleport, targets] and [teleport, destination] with inputs: [Player, 0123, dd12be42-52a9-4a91-a8a1-11c01849e498]
[15:17:52] [main/WARN]: Ambiguity between arguments [teleport, targets, location] and [teleport, targets, destination] with inputs: [0.1 -0.5 .9, 0 0 0]
[15:17:52] [main/INFO]: Reloading ResourceManager: Default
[15:17:52] [Worker-Main-14/INFO]: Loaded 7 recipes
[15:17:53] [Worker-Main-14/INFO]: Loaded 927 advancements
[15:17:54] [Server thread/INFO]: Starting minecraft server version 1.16.3
[15:17:54] [Server thread/INFO]: Loading properties
[15:17:54] [Server thread/INFO]: Default game type: SURVIVAL
[15:17:54] [Server thread/INFO]: Generating keypair
[15:17:54] [Server console handler/ERROR]: Exception handling console input
java.io.IOException: The handle is invalid
	at java.io.FileInputStream.readBytes(Native Method) ~[?:1.8.0_51]
	at java.io.FileInputStream.read(Unknown Source) ~[?:1.8.0_51]
	at java.io.BufferedInputStream.read1(Unknown Source) ~[?:1.8.0_51]
	at java.io.BufferedInputStream.read(Unknown Source) ~[?:1.8.0_51]
	at sun.nio.cs.StreamDecoder.readBytes(Unknown Source) ~[?:1.8.0_51]
	at sun.nio.cs.StreamDecoder.implRead(Unknown Source) ~[?:1.8.0_51]
	at sun.nio.cs.StreamDecoder.read(Unknown Source) ~[?:1.8.0_51]
	at java.io.InputStreamReader.read(Unknown Source) ~[?:1.8.0_51]
	at java.io.BufferedReader.fill(Unknown Source) ~[?:1.8.0_51]
	at java.io.BufferedReader.readLine(Unknown Source) ~[?:1.8.0_51]
	at java.io.BufferedReader.readLine(Unknown Source) ~[?:1.8.0_51]
	at zg$1.run(SourceFile:89) [server.jar:?]
[15:17:54] [Server thread/INFO]: Starting Minecraft server on *:25565
[15:17:54] [Server thread/INFO]: Using default channel type
[15:17:56] [Server thread/WARN]: **** SERVER IS RUNNING IN OFFLINE/INSECURE MODE!
[15:17:56] [Server thread/WARN]: The server will make no attempt to authenticate usernames. Beware.
[15:17:56] [Server thread/WARN]: While this makes the game possible to play without internet access, it also opens up the ability for hackers to connect with any username they choose.
[15:17:56] [Server thread/WARN]: To change this, set "online-mode" to "true" in the server.properties file.
[15:17:56] [Server thread/WARN]: Failed to load white-list: 
com.google.gson.JsonSyntaxException: Expected entry to be a JsonObject, was "abadok"
	at afa.m(SourceFile:393) ~[server.jar:?]
	at acw.f(SourceFile:122) ~[server.jar:?]
	at zf.B(SourceFile:119) [server.jar:?]
	at zf.<init>(SourceFile:27) [server.jar:?]
	at zg.d(SourceFile:164) [server.jar:?]
	at net.minecraft.server.MinecraftServer.w(SourceFile:642) [server.jar:?]
	at net.minecraft.server.MinecraftServer.a(SourceFile:254) [server.jar:?]
	at net.minecraft.server.MinecraftServer$$Lambda$3293/2106423676.run(Unknown Source) [server.jar:?]
	at java.lang.Thread.run(Unknown Source) [?:1.8.0_51]
[15:17:56] [Server thread/INFO]: Preparing level "world"
[15:17:56] [Server thread/INFO]: Preparing start region for dimension minecraft:overworld
[15:17:57] [Server thread/INFO]: Preparing spawn area: 0%
[15:17:57] [Server thread/INFO]: Preparing spawn area: 0%
[15:17:57] [Server thread/INFO]: Preparing spawn area: 0%
[15:17:57] [Server thread/INFO]: Preparing spawn area: 47%
[15:17:58] [Server thread/INFO]: Time elapsed: 2036 ms
[15:17:58] [Server thread/INFO]: Done (2.152s)! For help, type "help"
[15:18:04] [Server thread/INFO]: Abadok[/192.168.1.4:62639] logged in with entity id 792 at (-1.4465356873070667, 76.0, 19.235075398697333)
[15:18:04] [Server thread/INFO]: Abadok joined the game
[15:32:27] [Server thread/WARN]: Horse (vehicle of Abadok) moved wrongly! 0.3406011431683851
[15:33:31] [Server thread/WARN]: Horse (vehicle of Abadok) moved wrongly! 0.3880589524354079
[15:33:32] [Server thread/WARN]: Horse (vehicle of Abadok) moved wrongly! 0.4322431107607727
[15:33:32] [Server thread/WARN]: Horse (vehicle of Abadok) moved wrongly! 0.47642726908536304
[15:33:33] [Server thread/WARN]: Horse (vehicle of Abadok) moved wrongly! 0.48914234976808046
[15:35:32] [Server thread/WARN]: Fetching packet for removed entity bcs['Air'/4959, l='ServerLevel[world]', x=-146.22, y=63.00, z=96.16]
[15:36:43] [Server thread/WARN]: Fetching packet for removed entity bcs['Air'/5127, l='ServerLevel[world]', x=-143.15, y=63.00, z=95.14]
[15:37:23] [Server thread/WARN]: Fetching packet for removed entity bcs['Air'/5215, l='ServerLevel[world]', x=-145.06, y=63.00, z=99.91]
[15:38:33] [Server thread/WARN]: Fetching packet for removed entity bcs['Air'/5432, l='ServerLevel[world]', x=-104.68, y=77.00, z=121.80]
[15:42:49] [Server thread/WARN]: Fetching packet for removed entity bcs['Air'/6111, l='ServerLevel[world]', x=-144.66, y=63.00, z=96.75]
[15:54:44] [Server thread/INFO]: Incorrect argument for command
[15:54:44] [Server thread/INFO]: /gamerule keepInventry true<--[HERE]
[15:55:11] [Server thread/INFO]: Gamerule keepInventory is now set to: true
[15:58:51] [Server thread/WARN]: Can't keep up! Is the server overloaded? Running 2357ms or 47 ticks behind
[16:13:07] [Server thread/INFO]: Abadok has completed the challenge [Return to Sender]
[16:22:49] [Server thread/INFO]: Abadok lost connection: Disconnected
[16:22:49] [Server thread/INFO]: Abadok left the game
[16:23:15] [Server thread/WARN]: Can't keep up! Is the server overloaded? Running 25860ms or 517 ticks behind
[16:23:25] [Server thread/INFO]: Abadok[/192.168.1.4:62711] logged in with entity id 11747 at (-22.3612088301623, 68.9375, 78.22200184964143)
[16:23:25] [Server thread/INFO]: Abadok joined the game
[16:24:59] [Server thread/WARN]: Fetching packet for removed entity bcs['Air'/12043, l='ServerLevel[world]', x=-140.83, y=63.00, z=96.22]
[16:25:35] [Server thread/INFO]: Neko[/192.168.1.31:53323] logged in with entity id 12189 at (-23.54120566566773, 69.0, 64.41719967367018)
[16:25:35] [Server thread/INFO]: Neko joined the game
[16:27:44] [Server thread/WARN]: Fetching packet for removed entity bcs['Air'/12837, l='ServerLevel[world]', x=-142.94, y=63.00, z=101.24]
[16:28:41] [Server thread/WARN]: Fetching packet for removed entity bcs['Air'/13125, l='ServerLevel[world]', x=-144.37, y=63.00, z=100.60]
[16:28:51] [Server thread/WARN]: Fetching packet for removed entity bcs['Air'/13172, l='ServerLevel[world]', x=-145.31, y=63.00, z=100.41]
[16:29:45] [Server thread/WARN]: Fetching packet for removed entity bcs['Air'/13384, l='ServerLevel[world]', x=-141.73, y=63.00, z=95.25]
[16:29:53] [Server thread/WARN]: Fetching packet for removed entity bcs['Air'/13418, l='ServerLevel[world]', x=-143.42, y=63.00, z=99.67]
[16:30:05] [Server thread/WARN]: Fetching packet for removed entity bcs['Air'/13453, l='ServerLevel[world]', x=-144.12, y=63.00, z=100.38]
[16:30:59] [Server thread/WARN]: Fetching packet for removed entity bcs['Air'/13774, l='ServerLevel[world]', x=-143.84, y=63.00, z=99.25]
[16:31:23] [Server thread/WARN]: Fetching packet for removed entity bcs['Air'/13899, l='ServerLevel[world]', x=-141.27, y=63.00, z=98.59]
[16:33:41] [Server thread/WARN]: Fetching packet for removed entity bcs['Air'/14700, l='ServerLevel[world]', x=-144.97, y=63.00, z=101.43]
[16:33:54] [Server thread/WARN]: Fetching packet for removed entity bcs['Air'/14807, l='ServerLevel[world]', x=-146.79, y=63.00, z=100.95]
[16:34:46] [Server thread/WARN]: Fetching packet for removed entity bcs['Air'/15117, l='ServerLevel[world]', x=-144.00, y=63.00, z=100.90]
[16:35:35] [Server thread/WARN]: Fetching packet for removed entity bcs['Air'/15318, l='ServerLevel[world]', x=-145.35, y=63.00, z=101.71]
[16:37:15] [Server thread/WARN]: Fetching packet for removed entity bcs['Air'/15698, l='ServerLevel[world]', x=-145.44, y=63.00, z=100.16]
[16:45:24] [Server thread/WARN]: Mismatch in destroy block pos: fx{x=-31, y=83, z=26} fx{x=-34, y=81, z=26}
[16:45:34] [Server thread/WARN]: Mismatch in destroy block pos: fx{x=-31, y=83, z=26} fx{x=-37, y=77, z=26}
[16:52:19] [Server thread/WARN]: Fetching packet for removed entity bcs['Air'/19365, l='ServerLevel[world]', x=-141.30, y=63.00, z=99.54]
[16:58:21] [Server thread/WARN]: Fetching packet for removed entity bcs['Air'/21125, l='ServerLevel[world]', x=-145.93, y=63.00, z=101.76]
[16:58:27] [Server thread/WARN]: Fetching packet for removed entity bcs['Air'/21137, l='ServerLevel[world]', x=-140.83, y=63.00, z=99.61]
[16:58:31] [Server thread/WARN]: Fetching packet for removed entity bcs['Air'/21143, l='ServerLevel[world]', x=-142.66, y=63.00, z=98.11]
[16:59:12] [Server thread/WARN]: Fetching packet for removed entity bcs['Air'/21318, l='ServerLevel[world]', x=-143.46, y=63.00, z=98.89]
[16:59:12] [Server thread/WARN]: Fetching packet for removed entity bcs['Air'/21318, l='ServerLevel[world]', x=-143.46, y=63.00, z=98.89]
[16:59:25] [Server thread/WARN]: Fetching packet for removed entity bcs['Air'/21373, l='ServerLevel[world]', x=-141.28, y=63.00, z=98.50]
[16:59:25] [Server thread/WARN]: Fetching packet for removed entity bcs['Air'/21373, l='ServerLevel[world]', x=-141.28, y=63.00, z=98.50]
[16:59:27] [Server thread/WARN]: Fetching packet for removed entity bcs['Air'/21381, l='ServerLevel[world]', x=-144.82, y=63.00, z=96.15]
[16:59:27] [Server thread/WARN]: Fetching packet for removed entity bcs['Air'/21381, l='ServerLevel[world]', x=-144.82, y=63.00, z=96.15]
[16:59:44] [Server thread/WARN]: Fetching packet for removed entity bcs['Air'/21406, l='ServerLevel[world]', x=-145.87, y=63.00, z=94.83]
[16:59:44] [Server thread/WARN]: Fetching packet for removed entity bcs['Air'/21406, l='ServerLevel[world]', x=-145.87, y=63.00, z=94.83]
[16:59:54] [Server thread/WARN]: Fetching packet for removed entity bcs['Air'/21447, l='ServerLevel[world]', x=-145.72, y=63.00, z=98.31]
[16:59:54] [Server thread/WARN]: Fetching packet for removed entity bcs['Air'/21447, l='ServerLevel[world]', x=-145.72, y=63.00, z=98.31]
[17:02:29] [Server thread/WARN]: Fetching packet for removed entity bcs['Air'/22294, l='ServerLevel[world]', x=-143.52, y=63.00, z=95.98]
[17:04:24] [Server thread/WARN]: Fetching packet for removed entity bcs['Air'/22756, l='ServerLevel[world]', x=-141.39, y=63.00, z=98.38]
[17:05:15] [Server thread/WARN]: Horse (vehicle of Abadok) moved wrongly! 0.4178325669595928
[17:05:16] [Server thread/WARN]: Horse (vehicle of Abadok) moved wrongly! 0.3790216820748995
[17:05:16] [Server thread/WARN]: Horse (vehicle of Abadok) moved wrongly! 0.920749356273852
[17:05:16] [Server thread/WARN]: Horse (vehicle of Abadok) moved wrongly! 1.462495674580019
[17:05:16] [Server thread/WARN]: Horse (vehicle of Abadok) moved wrongly! 2.0042519689762344
[17:05:16] [Server thread/WARN]: Horse (vehicle of Abadok) moved wrongly! 2.546408223481464
[17:05:17] [Server thread/WARN]: Horse (vehicle of Abadok) moved wrongly! 0.27477864099380156
[17:05:27] [Server thread/WARN]: Horse (vehicle of Abadok) moved wrongly! 0.43443804779900574
[17:05:28] [Server thread/WARN]: Horse (vehicle of Abadok) moved wrongly! 0.4785940938721467
[17:05:28] [Server thread/WARN]: Horse (vehicle of Abadok) moved wrongly! 0.47848414505989467
[17:05:28] [Server thread/WARN]: Horse (vehicle of Abadok) moved wrongly! 0.2871231978817548
[17:05:28] [Server thread/WARN]: Horse (vehicle of Abadok) moved wrongly! 0.33119923285406117
[17:05:28] [Server thread/WARN]: Horse (vehicle of Abadok) moved wrongly! 0.331080840766532
[17:05:28] [Server thread/WARN]: Horse (vehicle of Abadok) moved wrongly! 0.3749449913297269
[17:05:28] [Server thread/WARN]: Horse (vehicle of Abadok) moved wrongly! 0.41871367884010624
[17:05:29] [Server thread/WARN]: Horse (vehicle of Abadok) moved wrongly! 0.9623687026005427
[17:05:29] [Server thread/WARN]: Horse (vehicle of Abadok) moved wrongly! 1.5059629071545828
[17:05:29] [Server thread/WARN]: Horse (vehicle of Abadok) moved wrongly! 2.0495245685638963
[17:05:29] [Server thread/WARN]: Horse (vehicle of Abadok) moved wrongly! 2.5930688167852907
[17:05:30] [Server thread/WARN]: Fetching packet for removed entity bcs['Air'/23030, l='ServerLevel[world]', x=-146.14, y=63.00, z=99.26]
[17:05:30] [Server thread/WARN]: Fetching packet for removed entity bcs['Air'/23030, l='ServerLevel[world]', x=-146.14, y=63.00, z=99.26]
[17:05:32] [Server thread/WARN]: Fetching packet for removed entity bcs['Air'/23048, l='ServerLevel[world]', x=-146.32, y=63.00, z=100.56]
[17:05:32] [Server thread/WARN]: Fetching packet for removed entity bcs['Air'/23048, l='ServerLevel[world]', x=-146.32, y=63.00, z=100.56]
[17:05:36] [Server thread/WARN]: Fetching packet for removed entity bcs['Air'/23058, l='ServerLevel[world]', x=-145.21, y=63.00, z=97.47]
[17:05:36] [Server thread/WARN]: Fetching packet for removed entity bcs['Air'/23058, l='ServerLevel[world]', x=-145.21, y=63.00, z=97.47]
[17:05:47] [Server thread/WARN]: Fetching packet for removed entity bcs['Air'/23091, l='ServerLevel[world]', x=-143.24, y=63.00, z=101.96]
[17:05:47] [Server thread/WARN]: Fetching packet for removed entity bcs['Air'/23091, l='ServerLevel[world]', x=-143.24, y=63.00, z=101.96]
[17:06:29] [Server thread/WARN]: Horse (vehicle of Abadok) moved wrongly! 0.2857802392830848
[17:06:29] [Server thread/WARN]: Horse (vehicle of Abadok) moved wrongly! 0.3299724418264276
[17:06:29] [Server thread/WARN]: Horse (vehicle of Abadok) moved wrongly! 0.8741646443740336
[17:06:29] [Server thread/WARN]: Horse (vehicle of Abadok) moved wrongly! 0.32897808675199514
[17:06:29] [Server thread/WARN]: Horse (vehicle of Abadok) moved wrongly! 0.8706998977597706
[17:06:29] [Server thread/WARN]: Horse (vehicle of Abadok) moved wrongly! 1.4104113208712619
[17:06:29] [Server thread/WARN]: Horse (vehicle of Abadok) moved wrongly! 1.945460274331495
[17:06:29] [Server thread/WARN]: Horse (vehicle of Abadok) moved wrongly! 2.4770715506242666
[17:06:29] [Server thread/WARN]: Horse (vehicle of Abadok) moved wrongly! 2.9990231871476354
[17:06:29] [Server thread/WARN]: Horse (vehicle of Abadok) moved wrongly! 3.4956058586577115
[17:06:34] [Server thread/WARN]: Horse (vehicle of Abadok) moved wrongly! 0.3339541314734831
[17:06:34] [Server thread/WARN]: Horse (vehicle of Abadok) moved wrongly! 0.3213753499668499
[17:06:34] [Server thread/WARN]: Horse (vehicle of Abadok) moved wrongly! 0.33448900892191347
[17:06:34] [Server thread/WARN]: Horse (vehicle of Abadok) moved wrongly! 0.3618143380244945
[17:06:34] [Server thread/WARN]: Horse (vehicle of Abadok) moved wrongly! 0.3965009836975
[17:06:34] [Server thread/WARN]: Horse (vehicle of Abadok) moved wrongly! 0.4599146942170975
[17:07:15] [Server thread/WARN]: Fetching packet for removed entity bcs['Air'/23645, l='ServerLevel[world]', x=-143.06, y=63.00, z=95.32]
[17:07:16] [Server thread/WARN]: Fetching packet for removed entity bcs['Air'/23649, l='ServerLevel[world]', x=-144.19, y=63.00, z=99.47]
[17:11:52] [Server thread/WARN]: Fetching packet for removed entity bcs['Air'/24722, l='ServerLevel[world]', x=-144.87, y=63.00, z=97.06]
[17:12:29] [Server thread/WARN]: Fetching packet for removed entity bcs['Air'/24832, l='ServerLevel[world]', x=-146.10, y=63.00, z=99.32]
[17:12:42] [Server thread/WARN]: Fetching packet for removed entity bcs['Air'/24865, l='ServerLevel[world]', x=-146.76, y=63.00, z=99.87]
[17:14:51] [Server thread/WARN]: Fetching packet for removed entity bcs['Air'/25276, l='ServerLevel[world]', x=-144.14, y=63.00, z=101.00]
[17:15:16] [Server thread/WARN]: Fetching packet for removed entity bcs['Air'/25344, l='ServerLevel[world]', x=-140.83, y=63.00, z=97.71]
[17:20:02] [Server thread/WARN]: Fetching packet for removed entity bcs['Air'/26203, l='ServerLevel[world]', x=-141.40, y=63.00, z=97.77]
[17:24:04] [Server thread/WARN]: Fetching packet for removed entity bcs['Air'/27067, l='ServerLevel[world]', x=-140.84, y=63.00, z=97.07]
[17:24:52] [Server thread/WARN]: Fetching packet for removed entity bcs['Air'/27242, l='ServerLevel[world]', x=-144.26, y=63.00, z=99.30]
[17:35:23] [Server thread/WARN]: Fetching packet for removed entity bcs['Air'/29250, l='ServerLevel[world]', x=-141.41, y=63.00, z=95.60]
[17:35:59] [Server thread/WARN]: Fetching packet for removed entity bcs['Air'/29347, l='ServerLevel[world]', x=-144.24, y=63.00, z=95.26]
[17:36:27] [Server thread/INFO]: Neko lost connection: Disconnected
[17:36:27] [Server thread/INFO]: Neko left the game
[17:36:39] [Server thread/INFO]: Stopping the server
[17:36:39] [Server thread/INFO]: Stopping server
[17:36:39] [Server thread/INFO]: Saving players
[17:36:39] [Server thread/INFO]: Abadok lost connection: Disconnected
[17:36:39] [Server thread/INFO]: Abadok left the game
[17:36:39] [Server thread/INFO]: Saving worlds
[17:36:39] [Server thread/INFO]: Saving chunks for level 'ServerLevel[world]'/minecraft:overworld
[17:36:40] [Server thread/INFO]: ThreadedAnvilChunkStorage (world): All chunks are saved
[17:36:40] [Server thread/INFO]: Saving chunks for level 'ServerLevel[world]'/minecraft:the_nether
[17:36:40] [Server thread/INFO]: ThreadedAnvilChunkStorage (DIM-1): All chunks are saved
[17:36:40] [Server thread/INFO]: Saving chunks for level 'ServerLevel[world]'/minecraft:the_end
[17:36:40] [Server thread/INFO]: ThreadedAnvilChunkStorage (DIM1): All chunks are saved
[17:36:40] [Server thread/INFO]: ThreadedAnvilChunkStorage (world): All chunks are saved
[17:36:40] [Server thread/INFO]: ThreadedAnvilChunkStorage (DIM-1): All chunks are saved
[17:36:40] [Server thread/INFO]: ThreadedAnvilChunkStorage (DIM1): All chunks are saved
